<?xml version="1.0" encoding="UTF-8"?>
<!-- Generated by org.testng.reporters.JUnitReportReporter -->
<testsuite hostname="Shivani" failures="0" tests="1" name="com.test1.work.dropdownTest" time="12.234" errors="0" timestamp="2024-11-16T23:29:10 IST" skipped="0">
  <testcase classname="com.test1.work.dropdownTest" name="selectByList" time="12.234"/>
</testsuite> <!-- com.test1.work.dropdownTest -->
