<?xml version="1.0" encoding="UTF-8"?>
<!-- Generated by org.testng.reporters.JUnitReportReporter -->
<testsuite hostname="Shivani" failures="0" tests="1" name="testconfigdemo.configUser" time="3.421" errors="0" timestamp="2024-11-19T18:35:56 IST" skipped="0">
  <testcase classname="testconfigdemo.configUser" name="configTest" time="3.421"/>
</testsuite> <!-- testconfigdemo.configUser -->
