<?xml version="1.0" encoding="UTF-8"?>
<!-- Generated by org.testng.reporters.JUnitReportReporter -->
<testsuite hostname="Shivani" failures="0" tests="2" name="com.test1.work.dataProviderAnnotation" time="6.072" errors="0" timestamp="2024-11-21T16:58:17 IST" skipped="0">
  <testcase classname="com.test1.work.dataProviderAnnotation" name="searchKeyword" time="2.252"/>
  <testcase classname="com.test1.work.dataProviderAnnotation" name="searchKeyword" time="3.820"/>
</testsuite> <!-- com.test1.work.dataProviderAnnotation -->
