<?xml version="1.0" encoding="UTF-8"?>
<!-- Generated by org.testng.reporters.JUnitReportReporter -->
<testsuite hostname="Shivani" failures="0" tests="1" name="testconfigdemo.useOfPropertyFile" time="0.011" errors="0" timestamp="2024-11-19T18:35:23 IST" skipped="0">
  <testcase classname="testconfigdemo.useOfPropertyFile" name="testConfig" time="0.011"/>
</testsuite> <!-- testconfigdemo.useOfPropertyFile -->
